build/app/outputs/mapping/release/seeds.txt
com.example.tv_shows.MainActivity
com.example.tv_shows.MainActivity: MainActivity()
...
io.flutter.embedding.engine.renderer.SurfaceTextureWrapper: boolean attached
kotlinx.coroutines.CommonPool: java.util.concurrent.Executor pool
androidx.window.layout.SidecarCompat$DistinctElementCallback: java.util.concurrent.locks.ReentrantLock lock
androidx.window.embedding.ExtensionEmbeddingBackend$SplitListenerWrapper: androidx.core.util.Consumer callback
androidx.window.embedding.MatcherUtils: java.lang.String sMatchersTag
androidx.window.layout.SidecarWindowBackend: androidx.window.layout.SidecarWindowBackend$Companion Companion
androidx.window.core.Version: java.lang.String description
androidx.window.R$styleable: int[] SplitPairRule
kotlinx.coroutines.scheduling.CoroutineScheduler$Worker: int workerCtl
kotlinx.coroutines.scheduling.CoroutineScheduler: long controlState
kotlinx.coroutines.JobSupport$Finishing: java.lang.Object _rootCause
androidx.window.embedding.SplitPairRule: boolean finishSecondaryWithPrimary
androidx.window.embedding.EmbeddingCompat: androidx.window.embedding.EmbeddingAdapter adapter
androidx.window.embedding.SplitPlaceholderRule: android.content.Intent placeholderIntent
androidx.window.layout.FoldingFeature$Orientation: java.lang.String description
androidx.window.core.Version: androidx.window.core.Version$Companion Companion
androidx.window.embedding.SplitPlaceholderRule: java.util.Set filters
kotlin.jvm.internal.CallableReference: java.lang.String name
androidx.window.embedding.ActivityRule: boolean alwaysExpand
androidx.window.layout.WindowInfoTrackerImpl: int BUFFER_CAPACITY
androidx.window.R$id: int locale
androidx.window.layout.ExtensionWindowLayoutInfoBackend: java.util.concurrent.locks.ReentrantLock extensionWindowBackendLock
androidx.window.layout.FoldingFeature$OcclusionType: androidx.window.layout.FoldingFeature$OcclusionType NONE
androidx.window.embedding.SplitController: boolean sDebug
androidx.window.layout.HardwareFoldingFeature: androidx.window.layout.HardwareFoldingFeature$Type type
androidx.window.layout.SidecarCompat: androidx.window.layout.ExtensionInterfaceCompat$ExtensionCallbackInterface extensionCallback
androidx.window.layout.WindowInfoTracker$Companion: androidx.window.layout.WindowInfoTracker$Companion $$INSTANCE
androidx.window.layout.FoldingFeature$State: androidx.window.layout.FoldingFeature$State FLAT
androidx.window.layout.ExtensionWindowLayoutInfoBackend: java.util.Map activityToListeners
io.flutter.embedding.engine.FlutterJNI: java.lang.String TAG
androidx.window.embedding.SplitPairFilter: android.content.ComponentName primaryActivityName
io.flutter.view.AccessibilityViewEmbedder: io.flutter.view.AccessibilityViewEmbedder$ReflectionAccessors reflectionAccessors
androidx.window.embedding.ActivityStack: java.util.List activities
androidx.window.R$styleable: int[] ActivityRule
androidx.window.layout.FoldingFeature$Orientation: androidx.window.layout.FoldingFeature$Orientation HORIZONTAL
io.flutter.embedding.engine.mutatorsstack.FlutterMutatorsStack: java.util.List mutators
androidx.window.layout.DisplayCompatHelperApi28: androidx.window.layout.DisplayCompatHelperApi28 INSTANCE
kotlinx.coroutines.JobSupport$Finishing: int _isCompleting
io.flutter.embedding.engine.FlutterJNI: float refreshRateFPS
androidx.window.core.Version: java.lang.String VERSION_PATTERN_STRING
androidx.window.R$styleable: int ActivityRule_alwaysExpand
androidx.window.layout.SidecarCompat$DistinctSidecarElementCallback: java.util.WeakHashMap mActivityWindowLayoutInfo
androidx.window.layout.SidecarWindowBackend$ExtensionListenerImpl: androidx.window.layout.SidecarWindowBackend this$0
androidx.versionedparcelable.ParcelImpl: android.os.Parcelable$Creator CREATOR
androidx.window.embedding.EmbeddingCompat: androidx.window.extensions.embedding.ActivityEmbeddingComponent embeddingExtension
androidx.window.layout.FoldingFeature$OcclusionType: androidx.window.layout.FoldingFeature$OcclusionType$Companion Companion
io.flutter.view.AccessibilityViewEmbedder: java.util.Map originToFlutterId