build/app/outputs/mapping/release/mapping.txt
# compiler: R8
# compiler_version: 3.1.66
# min_api: 16
# pg_map_id: 6641d1e
# common_typos_disable
# {"id":"com.android.tools.r8.mapping","version":"1.0"}
...
kotlin.UninitializedPropertyAccessException -> e0.p:
kotlin.Unit -> e0.q:
    kotlin.Unit INSTANCE -> a
kotlin.collections.ArraysKt -> f0.a:
    java.util.List asList(java.lang.Object[]) -> a
      # {"id":"com.android.tools.r8.synthesized"}
    java.lang.Object[] copyInto$default(java.lang.Object[],java.lang.Object[],int,int,int,int,java.lang.Object) -> c
      # {"id":"com.android.tools.r8.synthesized"}
    void fill(java.lang.Object[],java.lang.Object,int,int) -> d
      # {"id":"com.android.tools.r8.synthesized"}
    void fill$default(java.lang.Object[],java.lang.Object,int,int,int,java.lang.Object) -> e
      # {"id":"com.android.tools.r8.synthesized"}
    char single(char[]) -> g
      # {"id":"com.android.tools.r8.synthesized"}
    java.lang.Object singleOrNull(java.lang.Object[]) -> h
      # {"id":"com.android.tools.r8.synthesized"}
    java.util.List sortedWith(java.lang.Object[],java.util.Comparator) -> j
      # {"id":"com.android.tools.r8.synthesized"}
kotlin.collections.ArraysKt__ArraysJVMKt -> f0.b:
kotlin.collections.ArraysKt__ArraysKt -> f0.c:
kotlin.collections.ArraysKt___ArraysJvmKt -> f0.d:
    java.util.List asList(java.lang.Object[]) -> a
    java.lang.Object[] copyInto(java.lang.Object[],java.lang.Object[],int,int,int) -> b
    java.lang.Object[] copyInto$default(java.lang.Object[],java.lang.Object[],int,int,int,int,java.lang.Object) -> c
    void fill(java.lang.Object[],java.lang.Object,int,int) -> d
    void fill$default(java.lang.Object[],java.lang.Object,int,int,int,java.lang.Object) -> e
    void sortWith(java.lang.Object[],java.util.Comparator) -> f
kotlin.collections.ArraysKt___ArraysKt -> f0.e:
    char single(char[]) -> g
    java.lang.Object singleOrNull(java.lang.Object[]) -> h
    java.lang.Object[] sortedArrayWith(java.lang.Object[],java.util.Comparator) -> i
    java.util.List sortedWith(java.lang.Object[],java.util.Comparator) -> j
kotlin.collections.ArraysUtilJVM -> f0.f:
    java.util.List asList(java.lang.Object[]) -> a
kotlin.collections.CollectionsKt -> f0.g:
    java.util.List emptyList() -> b
      # {"id":"com.android.tools.r8.synthesized"}
    int getLastIndex(java.util.List) -> c
      # {"id":"com.android.tools.r8.synthesized"}
    java.util.List listOf(java.lang.Object[]) -> d
      # {"id":"com.android.tools.r8.synthesized"}
    java.util.List optimizeReadOnlyList(java.util.List) -> e
      # {"id":"com.android.tools.r8.synthesized"}
    void throwIndexOverflow() -> f
      # {"id":"com.android.tools.r8.synthesized"}
    int collectionSizeOrDefault(java.lang.Iterable,int) -> g
      # {"id":"com.android.tools.r8.synthesized"}
    boolean addAll(java.util.Collection,java.lang.Iterable) -> h
      # {"id":"com.android.tools.r8.synthesized"}
    java.lang.Appendable joinTo$default(java.lang.Iterable,java.lang.Appendable,java.lang.CharSequence,java.lang.CharSequence,java.lang.CharSequence,int,java.lang.CharSequence,kotlin.jvm.functions.Function1,int,java.lang.Object) -> j
      # {"id":"com.android.tools.r8.synthesized"}
    java.lang.String joinToString$default(java.lang.Iterable,java.lang.CharSequence,java.lang.CharSequence,java.lang.CharSequence,int,java.lang.CharSequence,kotlin.jvm.functions.Function1,int,java.lang.Object) -> l
      # {"id":"com.android.tools.r8.synthesized"}
    java.lang.Comparable minOrNull(java.lang.Iterable) -> m
      # {"id":"com.android.tools.r8.synthesized"}
    java.lang.Object single(java.lang.Iterable) -> n
kotlin.collections.CollectionsKt__CollectionsJVMKt -> f0.h:
    java.util.List listOf(java.lang.Object) -> a
kotlin.collections.CollectionsKt__CollectionsKt -> f0.i:
    java.util.List emptyList() -> b
    int getLastIndex(java.util.List) -> c
    java.util.List listOf(java.lang.Object[]) -> d
    java.util.List optimizeReadOnlyList(java.util.List) -> e
    void throwIndexOverflow() -> f
kotlin.collections.CollectionsKt__IterablesKt -> f0.j:
    int collectionSizeOrDefault(java.lang.Iterable,int) -> g